#
# A fatal error has been detected by the Java Runtime Environment:
#
#  Internal Error (javaClasses.cpp:129), pid=10658, tid=140627541559040
#  fatal error: Invalid layout of preloaded class
#
# JRE version: 7.0_07-b10
# Java VM: Java HotSpot(TM) 64-Bit Server VM (23.3-b01 mixed mode linux-amd64 compressed oops)
# Failed to write core dump. Core dumps have been disabled. To enable core dumping, try "ulimit -c unlimited" before starting Java again
#
# If you would like to submit a bug report, please visit:
#   http://bugreport.sun.com/bugreport/crash.jsp
#

---------------  T H R E A D  ---------------

Current thread (0x00007fe660007800):  JavaThread "Unknown thread" [_thread_in_vm, id=10660, stack(0x00007fe666990000,0x00007fe666a91000)]

Stack: [0x00007fe666990000,0x00007fe666a91000],  sp=0x00007fe666a8f790,  free space=1021k
Native frames: (J=compiled Java code, j=interpreted, Vv=VM code, C=native code)
V  [libjvm.so+0x8a511a]  VMError::report_and_die()+0x2ea
V  [libjvm.so+0x40ae59]  report_fatal(char const*, int, char const*)+0x59
V  [libjvm.so+0x555897]  compute_offset(int&, klassOopDesc*, Symbol*, Symbol*, bool)+0x137
V  [libjvm.so+0x556a59]  java_lang_String::compute_offsets()+0x39
V  [libjvm.so+0x8341d3]  SystemDictionary::initialize_preloaded_classes(Thread*)+0x143
V  [libjvm.so+0x880314]  Universe::genesis(Thread*)+0x474
V  [libjvm.so+0x8807c4]  universe2_init()+0x24
V  [libjvm.so+0x503cad]  init_globals()+0xbd
V  [libjvm.so+0x866d62]  Threads::create_vm(JavaVMInitArgs*, bool*)+0x1e2
V  [libjvm.so+0x563b64]  JNI_CreateJavaVM+0x74
C  [libjli.so+0x337e]  JavaMain+0x9e


---------------  P R O C E S S  ---------------

Java Threads: ( => current thread )

Other Threads:

=>0x00007fe660007800 (exited) JavaThread "Unknown thread" [_thread_in_vm, id=10660, stack(0x00007fe666990000,0x00007fe666a91000)]

VM state:not at safepoint (not fully initialized)

VM Mutex/Monitor currently owned by a thread: None

GC Heap History (0 events):
No events

Deoptimization events (0 events):
No events

Internal exceptions (0 events):
No events

Events (10 events):
Event: 0.009 loading class 0x00007fe6600297a0 done
Event: 0.009 loading class 0x00007fe660029040 done
Event: 0.009 loading class 0x00007fe660029010
Event: 0.009 loading class 0x00007fe660054080
Event: 0.009 loading class 0x00007fe660054080 done
Event: 0.009 loading class 0x00007fe6600540c0
Event: 0.009 loading class 0x00007fe6600540c0 done
Event: 0.009 loading class 0x00007fe660054100
Event: 0.009 loading class 0x00007fe660054100 done
Event: 0.009 loading class 0x00007fe660029010 done


Dynamic libraries:
00400000-00401000 r-xp 00000000 fd:01 528576                             /usr/java/jdk1.7.0_07/bin/java
00600000-00601000 rw-p 00000000 fd:01 528576                             /usr/java/jdk1.7.0_07/bin/java
01206000-01227000 rw-p 00000000 00:00 0                                  [heap]
bfc00000-c10c0000 rw-p 00000000 00:00 0 
c10c0000-c4e00000 rw-p 00000000 00:00 0 
c4e00000-c7560000 rw-p 00000000 00:00 0 
c7560000-ec4b0000 rw-p 00000000 00:00 0 
ec4b0000-ed860000 rw-p 00000000 00:00 0 
ed860000-100000000 rw-p 00000000 00:00 0 
3007400000-3007420000 r-xp 00000000 fd:01 132916                         /usr/lib64/ld-2.15.so
300761f000-3007620000 r--p 0001f000 fd:01 132916                         /usr/lib64/ld-2.15.so
3007620000-3007621000 rw-p 00020000 fd:01 132916                         /usr/lib64/ld-2.15.so
3007621000-3007622000 rw-p 00000000 00:00 0 
3007800000-30079ac000 r-xp 00000000 fd:01 132917                         /usr/lib64/libc-2.15.so
30079ac000-3007bac000 ---p 001ac000 fd:01 132917                         /usr/lib64/libc-2.15.so
3007bac000-3007bb0000 r--p 001ac000 fd:01 132917                         /usr/lib64/libc-2.15.so
3007bb0000-3007bb2000 rw-p 001b0000 fd:01 132917                         /usr/lib64/libc-2.15.so
3007bb2000-3007bb7000 rw-p 00000000 00:00 0 
3007c00000-3007c16000 r-xp 00000000 fd:01 132918                         /usr/lib64/libpthread-2.15.so
3007c16000-3007e16000 ---p 00016000 fd:01 132918                         /usr/lib64/libpthread-2.15.so
3007e16000-3007e17000 r--p 00016000 fd:01 132918                         /usr/lib64/libpthread-2.15.so
3007e17000-3007e18000 rw-p 00017000 fd:01 132918                         /usr/lib64/libpthread-2.15.so
3007e18000-3007e1c000 rw-p 00000000 00:00 0 
3008000000-3008003000 r-xp 00000000 fd:01 134507                         /usr/lib64/libdl-2.15.so
3008003000-3008202000 ---p 00003000 fd:01 134507                         /usr/lib64/libdl-2.15.so
3008202000-3008203000 r--p 00002000 fd:01 134507                         /usr/lib64/libdl-2.15.so
3008203000-3008204000 rw-p 00003000 fd:01 134507                         /usr/lib64/libdl-2.15.so
3008400000-3008407000 r-xp 00000000 fd:01 135867                         /usr/lib64/librt-2.15.so
3008407000-3008606000 ---p 00007000 fd:01 135867                         /usr/lib64/librt-2.15.so
3008606000-3008607000 r--p 00006000 fd:01 135867                         /usr/lib64/librt-2.15.so
3008607000-3008608000 rw-p 00007000 fd:01 135867                         /usr/lib64/librt-2.15.so
3008c00000-3008cfa000 r-xp 00000000 fd:01 134509                         /usr/lib64/libm-2.15.so
3008cfa000-3008ef9000 ---p 000fa000 fd:01 134509                         /usr/lib64/libm-2.15.so
3008ef9000-3008efa000 r--p 000f9000 fd:01 134509                         /usr/lib64/libm-2.15.so
3008efa000-3008efb000 rw-p 000fa000 fd:01 134509                         /usr/lib64/libm-2.15.so
7fe640000000-7fe640021000 rw-p 00000000 00:00 0 
7fe640021000-7fe644000000 ---p 00000000 00:00 0 
7fe648000000-7fe648021000 rw-p 00000000 00:00 0 
7fe648021000-7fe64c000000 ---p 00000000 00:00 0 
7fe650000000-7fe650021000 rw-p 00000000 00:00 0 
7fe650021000-7fe654000000 ---p 00000000 00:00 0 
7fe655fe0000-7fe658000000 rw-p 00000000 00:00 0 
7fe658000000-7fe658021000 rw-p 00000000 00:00 0 
7fe658021000-7fe65c000000 ---p 00000000 00:00 0 
7fe65d000000-7fe65d270000 rwxp 00000000 00:00 0 
7fe65d270000-7fe66005d000 rw-p 00000000 00:00 0 
7fe66005d000-7fe664000000 ---p 00000000 00:00 0 
7fe664dcb000-7fe664ff9000 rw-p 00000000 00:00 0 
7fe664ff9000-7fe6650bb000 r--s 010b9000 fd:01 812080                     /usr/local/src/android-sdk-linux/platforms/android-16/android.jar
7fe6650bb000-7fe6658eb000 rw-p 00000000 00:00 0 
7fe6658eb000-7fe6658ec000 ---p 00000000 00:00 0 
7fe6658ec000-7fe6659ec000 rw-p 00000000 00:00 0                          [stack:10664]
7fe6659ec000-7fe6659ed000 ---p 00000000 00:00 0 
7fe6659ed000-7fe665aed000 rw-p 00000000 00:00 0                          [stack:10663]
7fe665aed000-7fe665aee000 ---p 00000000 00:00 0 
7fe665aee000-7fe665bee000 rw-p 00000000 00:00 0                          [stack:10662]
7fe665bee000-7fe665bef000 ---p 00000000 00:00 0 
7fe665bef000-7fe665cfa000 rw-p 00000000 00:00 0                          [stack:10661]
7fe665cfa000-7fe665d18000 rw-p 00000000 00:00 0 
7fe665d18000-7fe665d2c000 rw-p 00000000 00:00 0 
7fe665d2c000-7fe665e54000 rw-p 00000000 00:00 0 
7fe665e54000-7fe665e5f000 rw-p 00000000 00:00 0 
7fe665e5f000-7fe665e7d000 rw-p 00000000 00:00 0 
7fe665e7d000-7fe665e91000 rw-p 00000000 00:00 0 
7fe665e91000-7fe665fb8000 rw-p 00000000 00:00 0 
7fe665fb8000-7fe665fc3000 rw-p 00000000 00:00 0 
7fe665fc3000-7fe666056000 rw-p 00000000 00:00 0 
7fe666056000-7fe666061000 rw-p 00000000 00:00 0 
7fe666061000-7fe666117000 rw-p 00000000 00:00 0 
7fe666117000-7fe666131000 r-xp 00000000 fd:01 529770                     /usr/java/jdk1.7.0_07/jre/lib/amd64/libzip.so
7fe666131000-7fe666331000 ---p 0001a000 fd:01 529770                     /usr/java/jdk1.7.0_07/jre/lib/amd64/libzip.so
7fe666331000-7fe666332000 rw-p 0001a000 fd:01 529770                     /usr/java/jdk1.7.0_07/jre/lib/amd64/libzip.so
7fe666332000-7fe66633e000 r-xp 00000000 fd:01 135311                     /usr/lib64/libnss_files-2.15.so
7fe66633e000-7fe66653d000 ---p 0000c000 fd:01 135311                     /usr/lib64/libnss_files-2.15.so
7fe66653d000-7fe66653e000 r--p 0000b000 fd:01 135311                     /usr/lib64/libnss_files-2.15.so
7fe66653e000-7fe66653f000 rw-p 0000c000 fd:01 135311                     /usr/lib64/libnss_files-2.15.so
7fe66654f000-7fe666557000 rw-s 00000000 fd:01 661912                     /tmp/hsperfdata_demo/10658
7fe666557000-7fe666580000 r-xp 00000000 fd:01 529739                     /usr/java/jdk1.7.0_07/jre/lib/amd64/libjava.so
7fe666580000-7fe666780000 ---p 00029000 fd:01 529739                     /usr/java/jdk1.7.0_07/jre/lib/amd64/libjava.so
7fe666780000-7fe666782000 rw-p 00029000 fd:01 529739                     /usr/java/jdk1.7.0_07/jre/lib/amd64/libjava.so
7fe666782000-7fe66678f000 r-xp 00000000 fd:01 529769                     /usr/java/jdk1.7.0_07/jre/lib/amd64/libverify.so
7fe66678f000-7fe66698e000 ---p 0000d000 fd:01 529769                     /usr/java/jdk1.7.0_07/jre/lib/amd64/libverify.so
7fe66698e000-7fe666990000 rw-p 0000c000 fd:01 529769                     /usr/java/jdk1.7.0_07/jre/lib/amd64/libverify.so
7fe666990000-7fe666993000 ---p 00000000 00:00 0 
7fe666993000-7fe666a91000 rw-p 00000000 00:00 0                          [stack:10660]
7fe666a91000-7fe6674d8000 r-xp 00000000 fd:01 529774                     /usr/java/jdk1.7.0_07/jre/lib/amd64/server/libjvm.so
7fe6674d8000-7fe6676d7000 ---p 00a47000 fd:01 529774                     /usr/java/jdk1.7.0_07/jre/lib/amd64/server/libjvm.so
7fe6676d7000-7fe66777a000 rw-p 00a46000 fd:01 529774                     /usr/java/jdk1.7.0_07/jre/lib/amd64/server/libjvm.so
7fe66777a000-7fe6677b9000 rw-p 00000000 00:00 0 
7fe6677b9000-7fe6677cf000 r-xp 00000000 fd:01 529721                     /usr/java/jdk1.7.0_07/jre/lib/amd64/jli/libjli.so
7fe6677cf000-7fe6679ce000 ---p 00016000 fd:01 529721                     /usr/java/jdk1.7.0_07/jre/lib/amd64/jli/libjli.so
7fe6679ce000-7fe6679cf000 rw-p 00015000 fd:01 529721                     /usr/java/jdk1.7.0_07/jre/lib/amd64/jli/libjli.so
7fe6679cf000-7fe6679d0000 rw-p 00000000 00:00 0 
7fe6679e6000-7fe6679e7000 rw-p 00000000 00:00 0 
7fe6679e7000-7fe6679e8000 r--p 00000000 00:00 0 
7fe6679e8000-7fe6679e9000 rw-p 00000000 00:00 0 
7fff6beb0000-7fff6bed1000 rw-p 00000000 00:00 0                          [stack]
7fff6bfff000-7fff6c000000 r-xp 00000000 00:00 0                          [vdso]
ffffffffff600000-ffffffffff601000 r-xp 00000000 00:00 0                  [vsyscall]

VM Arguments:
jvm_args: -Dfile.encoding=UTF-8 -Xbootclasspath:/usr/local/src/android-sdk-linux/platforms/android-16/android.jar 
java_command: com.kastlersteinhauser.instachat.ZMQTest
Launcher Type: SUN_STANDARD

Environment Variables:
PATH=/usr/lib64/qt-3.3/bin:/usr/local/bin:/usr/bin:/bin:/usr/local/sbin:/usr/sbin:/home/demo/.local/bin:/home/demo/bin
USERNAME=demo
SHELL=/bin/bash
DISPLAY=:0

Signal Handlers:
SIGSEGV: [libjvm.so+0x8a5a80], sa_mask[0]=0x7ffbfeff, sa_flags=0x10000004
SIGBUS: [libjvm.so+0x8a5a80], sa_mask[0]=0x7ffbfeff, sa_flags=0x10000004
SIGFPE: [libjvm.so+0x741b60], sa_mask[0]=0x7ffbfeff, sa_flags=0x10000004
SIGPIPE: [libjvm.so+0x741b60], sa_mask[0]=0x7ffbfeff, sa_flags=0x10000004
SIGXFSZ: [libjvm.so+0x741b60], sa_mask[0]=0x7ffbfeff, sa_flags=0x10000004
SIGILL: [libjvm.so+0x741b60], sa_mask[0]=0x7ffbfeff, sa_flags=0x10000004
SIGUSR1: SIG_DFL, sa_mask[0]=0x00000000, sa_flags=0x00000000
SIGUSR2: [libjvm.so+0x7414b0], sa_mask[0]=0x00000004, sa_flags=0x10000004
SIGHUP: SIG_DFL, sa_mask[0]=0x00000000, sa_flags=0x00000000
SIGINT: SIG_DFL, sa_mask[0]=0x00000000, sa_flags=0x00000000
SIGTERM: SIG_DFL, sa_mask[0]=0x00000000, sa_flags=0x00000000
SIGQUIT: SIG_DFL, sa_mask[0]=0x00000000, sa_flags=0x00000000


---------------  S Y S T E M  ---------------

OS:Fedora release 17 (Beefy Miracle)

uname:Linux 3.5.3-1.fc17.x86_64 #1 SMP Wed Aug 29 18:46:34 UTC 2012 x86_64
libc:glibc 2.15 NPTL 2.15 
rlimit: STACK 8192k, CORE 0k, NPROC 1024, NOFILE 4096, AS infinity
load average:0.99 0.40 0.25

/proc/meminfo:
MemTotal:        3870180 kB
MemFree:          115260 kB
Buffers:          205940 kB
Cached:          1326200 kB
SwapCached:          240 kB
Active:          2299380 kB
Inactive:        1191296 kB
Active(anon):    1673416 kB
Inactive(anon):   568644 kB
Active(file):     625964 kB
Inactive(file):   622652 kB
Unevictable:         256 kB
Mlocked:             256 kB
SwapTotal:       5963772 kB
SwapFree:        5955020 kB
Dirty:              1120 kB
Writeback:             0 kB
AnonPages:       1955144 kB
Mapped:           170636 kB
Shmem:            283036 kB
Slab:             146592 kB
SReclaimable:     119620 kB
SUnreclaim:        26972 kB
KernelStack:        3408 kB
PageTables:        40608 kB
NFS_Unstable:          0 kB
Bounce:                0 kB
WritebackTmp:          0 kB
CommitLimit:     7898860 kB
Committed_AS:    4842780 kB
VmallocTotal:   34359738367 kB
VmallocUsed:      458304 kB
VmallocChunk:   34359272236 kB
HardwareCorrupted:     0 kB
AnonHugePages:   1339392 kB
HugePages_Total:       0
HugePages_Free:        0
HugePages_Rsvd:        0
HugePages_Surp:        0
Hugepagesize:       2048 kB
DirectMap4k:       92160 kB
DirectMap2M:     3024896 kB


CPU:total 4 (2 cores per cpu, 2 threads per core) family 6 model 58 stepping 9, cmov, cx8, fxsr, mmx, sse, sse2, sse3, ssse3, sse4.1, sse4.2, popcnt, avx, ht, tsc, tscinvbit, tscinv

/proc/cpuinfo:
processor	: 0
vendor_id	: GenuineIntel
cpu family	: 6
model		: 58
model name	: Intel(R) Core(TM) i5-3317U CPU @ 1.70GHz
stepping	: 9
microcode	: 0x12
cpu MHz		: 1701.000
cache size	: 3072 KB
physical id	: 0
siblings	: 4
core id		: 0
cpu cores	: 2
apicid		: 0
initial apicid	: 0
fpu		: yes
fpu_exception	: yes
cpuid level	: 13
wp		: yes
flags		: fpu vme de pse tsc msr pae mce cx8 apic sep mtrr pge mca cmov pat pse36 clflush dts acpi mmx fxsr sse sse2 ss ht tm pbe syscall nx rdtscp lm constant_tsc arch_perfmon pebs bts rep_good nopl xtopology nonstop_tsc aperfmperf pni pclmulqdq dtes64 monitor ds_cpl vmx est tm2 ssse3 cx16 xtpr pdcm pcid sse4_1 sse4_2 x2apic popcnt tsc_deadline_timer aes xsave avx f16c rdrand lahf_lm ida arat epb xsaveopt pln pts dtherm tpr_shadow vnmi flexpriority ept vpid fsgsbase smep erms
bogomips	: 3392.32
clflush size	: 64
cache_alignment	: 64
address sizes	: 36 bits physical, 48 bits virtual
power management:

processor	: 1
vendor_id	: GenuineIntel
cpu family	: 6
model		: 58
model name	: Intel(R) Core(TM) i5-3317U CPU @ 1.70GHz
stepping	: 9
microcode	: 0x12
cpu MHz		: 1701.000
cache size	: 3072 KB
physical id	: 0
siblings	: 4
core id		: 1
cpu cores	: 2
apicid		: 2
initial apicid	: 2
fpu		: yes
fpu_exception	: yes
cpuid level	: 13
wp		: yes
flags		: fpu vme de pse tsc msr pae mce cx8 apic sep mtrr pge mca cmov pat pse36 clflush dts acpi mmx fxsr sse sse2 ss ht tm pbe syscall nx rdtscp lm constant_tsc arch_perfmon pebs bts rep_good nopl xtopology nonstop_tsc aperfmperf pni pclmulqdq dtes64 monitor ds_cpl vmx est tm2 ssse3 cx16 xtpr pdcm pcid sse4_1 sse4_2 x2apic popcnt tsc_deadline_timer aes xsave avx f16c rdrand lahf_lm ida arat epb xsaveopt pln pts dtherm tpr_shadow vnmi flexpriority ept vpid fsgsbase smep erms
bogomips	: 3392.32
clflush size	: 64
cache_alignment	: 64
address sizes	: 36 bits physical, 48 bits virtual
power management:

processor	: 2
vendor_id	: GenuineIntel
cpu family	: 6
model		: 58
model name	: Intel(R) Core(TM) i5-3317U CPU @ 1.70GHz
stepping	: 9
microcode	: 0x12
cpu MHz		: 782.000
cache size	: 3072 KB
physical id	: 0
siblings	: 4
core id		: 0
cpu cores	: 2
apicid		: 1
initial apicid	: 1
fpu		: yes
fpu_exception	: yes
cpuid level	: 13
wp		: yes
flags		: fpu vme de pse tsc msr pae mce cx8 apic sep mtrr pge mca cmov pat pse36 clflush dts acpi mmx fxsr sse sse2 ss ht tm pbe syscall nx rdtscp lm constant_tsc arch_perfmon pebs bts rep_good nopl xtopology nonstop_tsc aperfmperf pni pclmulqdq dtes64 monitor ds_cpl vmx est tm2 ssse3 cx16 xtpr pdcm pcid sse4_1 sse4_2 x2apic popcnt tsc_deadline_timer aes xsave avx f16c rdrand lahf_lm ida arat epb xsaveopt pln pts dtherm tpr_shadow vnmi flexpriority ept vpid fsgsbase smep erms
bogomips	: 3392.32
clflush size	: 64
cache_alignment	: 64
address sizes	: 36 bits physical, 48 bits virtual
power management:

processor	: 3
vendor_id	: GenuineIntel
cpu family	: 6
model		: 58
model name	: Intel(R) Core(TM) i5-3317U CPU @ 1.70GHz
stepping	: 9
microcode	: 0x12
cpu MHz		: 1701.000
cache size	: 3072 KB
physical id	: 0
siblings	: 4
core id		: 1
cpu cores	: 2
apicid		: 3
initial apicid	: 3
fpu		: yes
fpu_exception	: yes
cpuid level	: 13
wp		: yes
flags		: fpu vme de pse tsc msr pae mce cx8 apic sep mtrr pge mca cmov pat pse36 clflush dts acpi mmx fxsr sse sse2 ss ht tm pbe syscall nx rdtscp lm constant_tsc arch_perfmon pebs bts rep_good nopl xtopology nonstop_tsc aperfmperf pni pclmulqdq dtes64 monitor ds_cpl vmx est tm2 ssse3 cx16 xtpr pdcm pcid sse4_1 sse4_2 x2apic popcnt tsc_deadline_timer aes xsave avx f16c rdrand lahf_lm ida arat epb xsaveopt pln pts dtherm tpr_shadow vnmi flexpriority ept vpid fsgsbase smep erms
bogomips	: 3392.32
clflush size	: 64
cache_alignment	: 64
address sizes	: 36 bits physical, 48 bits virtual
power management:



Memory: 4k page, physical 3870180k(115260k free), swap 5963772k(5955020k free)

vm_info: Java HotSpot(TM) 64-Bit Server VM (23.3-b01) for linux-amd64 JRE (1.7.0_07-b10), built on Aug 28 2012 17:44:05 by "java_re" with gcc 4.3.0 20080428 (Red Hat 4.3.0-8)

time: Tue Sep 18 15:32:14 2012
elapsed time: 0 seconds

